This is XeTeX, Version 3.141592653-2.6-0.999993 (TeX Live 2021) (preloaded format=xelatex 2021.12.15)  29 SEP 2022 11:04
entering extended mode
 restricted \write18 enabled.
 %&-line parsing enabled.
**RJafrocQuickStart.tex
(./RJafrocQuickStart.tex
LaTeX2e <2021-11-15> patch level 1
L3 programming layer <2021-11-22> (/Users/Dev/Library/TinyTeX/texmf-dist/tex/latex/base/book.cls
Document Class: book 2021/10/04 v1.4n Standard LaTeX document class
(/Users/Dev/Library/TinyTeX/texmf-dist/tex/latex/base/bk10.clo
File: bk10.clo 2021/10/04 v1.4n Standard LaTeX file (size option)
)
\c@part=\count179
\c@chapter=\count180
\c@section=\count181
\c@subsection=\count182
\c@subsubsection=\count183
\c@paragraph=\count184
\c@subparagraph=\count185
\c@figure=\count186
\c@table=\count187
\abovecaptionskip=\skip47
\belowcaptionskip=\skip48
\bibindent=\dimen138
) (/Users/Dev/Library/TinyTeX/texmf-dist/tex/latex/amsmath/amsmath.sty
Package: amsmath 2021/10/15 v2.17l AMS math features
\@mathmargin=\skip49
For additional information on amsmath, use the `?' option.
(/Users/Dev/Library/TinyTeX/texmf-dist/tex/latex/amsmath/amstext.sty
Package: amstext 2021/08/26 v2.01 AMS text
(/Users/Dev/Library/TinyTeX/texmf-dist/tex/latex/amsmath/amsgen.sty
File: amsgen.sty 1999/11/30 v2.0 generic functions
\@emptytoks=\toks16
\ex@=\dimen139
)) (/Users/Dev/Library/TinyTeX/texmf-dist/tex/latex/amsmath/amsbsy.sty
Package: amsbsy 1999/11/29 v1.2d Bold Symbols
\pmbraise@=\dimen140
) (/Users/Dev/Library/TinyTeX/texmf-dist/tex/latex/amsmath/amsopn.sty
Package: amsopn 2021/08/26 v2.02 operator names
)
\inf@bad=\count188
LaTeX Info: Redefining \frac on input line 234.
\uproot@=\count189
\leftroot@=\count190
LaTeX Info: Redefining \overline on input line 399.
\classnum@=\count191
\DOTSCASE@=\count192
LaTeX Info: Redefining \ldots on input line 496.
LaTeX Info: Redefining \dots on input line 499.
LaTeX Info: Redefining \cdots on input line 620.
\Mathstrutbox@=\box50
\strutbox@=\box51
\big@size=\dimen141
LaTeX Font Info:    Redeclaring font encoding OML on input line 743.
LaTeX Font Info:    Redeclaring font encoding OMS on input line 744.
\macc@depth=\count193
\c@MaxMatrixCols=\count194
\dotsspace@=\muskip16
\c@parentequation=\count195
\dspbrk@lvl=\count196
\tag@help=\toks17
\row@=\count197
\column@=\count198
\maxfields@=\count199
\andhelp@=\toks18
\eqnshift@=\dimen142
\alignsep@=\dimen143
\tagshift@=\dimen144
\tagwidth@=\dimen145
\totwidth@=\dimen146
\lineht@=\dimen147
\@envbody=\toks19
\multlinegap=\skip50
\multlinetaggap=\skip51
\mathdisplay@stack=\toks20
LaTeX Info: Redefining \[ on input line 2938.
LaTeX Info: Redefining \] on input line 2939.
) (/Users/Dev/Library/TinyTeX/texmf-dist/tex/latex/amsfonts/amssymb.sty
Package: amssymb 2013/01/14 v3.01 AMS font symbols
(/Users/Dev/Library/TinyTeX/texmf-dist/tex/latex/amsfonts/amsfonts.sty
Package: amsfonts 2013/01/14 v3.01 Basic AMSFonts support
\symAMSa=\mathgroup4
\symAMSb=\mathgroup5
LaTeX Font Info:    Redeclaring math symbol \hbar on input line 98.
LaTeX Font Info:    Overwriting math alphabet `\mathfrak' in version `bold'
(Font)                  U/euf/m/n --> U/euf/b/n on input line 106.
)) (/Users/Dev/Library/TinyTeX/texmf-dist/tex/latex/lm/lmodern.sty
Package: lmodern 2015/05/01 v1.6.1 Latin Modern Fonts
LaTeX Font Info:    Overwriting symbol font `operators' in version `normal'
(Font)                  OT1/cmr/m/n --> OT1/lmr/m/n on input line 22.
LaTeX Font Info:    Overwriting symbol font `letters' in version `normal'
(Font)                  OML/cmm/m/it --> OML/lmm/m/it on input line 23.
LaTeX Font Info:    Overwriting symbol font `symbols' in version `normal'
(Font)                  OMS/cmsy/m/n --> OMS/lmsy/m/n on input line 24.
LaTeX Font Info:    Overwriting symbol font `largesymbols' in version `normal'
(Font)                  OMX/cmex/m/n --> OMX/lmex/m/n on input line 25.
LaTeX Font Info:    Overwriting symbol font `operators' in version `bold'
(Font)                  OT1/cmr/bx/n --> OT1/lmr/bx/n on input line 26.
LaTeX Font Info:    Overwriting symbol font `letters' in version `bold'
(Font)                  OML/cmm/b/it --> OML/lmm/b/it on input line 27.
LaTeX Font Info:    Overwriting symbol font `symbols' in version `bold'
(Font)                  OMS/cmsy/b/n --> OMS/lmsy/b/n on input line 28.
LaTeX Font Info:    Overwriting symbol font `largesymbols' in version `bold'
(Font)                  OMX/cmex/m/n --> OMX/lmex/m/n on input line 29.
LaTeX Font Info:    Overwriting math alphabet `\mathbf' in version `normal'
(Font)                  OT1/cmr/bx/n --> OT1/lmr/bx/n on input line 31.
LaTeX Font Info:    Overwriting math alphabet `\mathsf' in version `normal'
(Font)                  OT1/cmss/m/n --> OT1/lmss/m/n on input line 32.
LaTeX Font Info:    Overwriting math alphabet `\mathit' in version `normal'
(Font)                  OT1/cmr/m/it --> OT1/lmr/m/it on input line 33.
LaTeX Font Info:    Overwriting math alphabet `\mathtt' in version `normal'
(Font)                  OT1/cmtt/m/n --> OT1/lmtt/m/n on input line 34.
LaTeX Font Info:    Overwriting math alphabet `\mathbf' in version `bold'
(Font)                  OT1/cmr/bx/n --> OT1/lmr/bx/n on input line 35.
LaTeX Font Info:    Overwriting math alphabet `\mathsf' in version `bold'
(Font)                  OT1/cmss/bx/n --> OT1/lmss/bx/n on input line 36.
LaTeX Font Info:    Overwriting math alphabet `\mathit' in version `bold'
(Font)                  OT1/cmr/bx/it --> OT1/lmr/bx/it on input line 37.
LaTeX Font Info:    Overwriting math alphabet `\mathtt' in version `bold'
(Font)                  OT1/cmtt/m/n --> OT1/lmtt/m/n on input line 38.
) (/Users/Dev/Library/TinyTeX/texmf-dist/tex/generic/iftex/iftex.sty
Package: iftex 2020/03/06 v1.0d TeX engine tests
) (/Users/Dev/Library/TinyTeX/texmf-dist/tex/latex/unicode-math/unicode-math.sty (/Users/Dev/Library/TinyTeX/texmf-dist/tex/latex/l3kernel/expl3.sty
Package: expl3 2021-11-22 L3 programming layer (loader) 
(/Users/Dev/Library/TinyTeX/texmf-dist/tex/latex/l3backend/l3backend-xetex.def
File: l3backend-xetex.def 2021-12-14 L3 backend support: XeTeX
(|extractbb --version)
\c__kernel_sys_dvipdfmx_version_int=\count266
\l__color_backend_stack_int=\count267
\g__color_backend_stack_int=\count268
\g__graphics_track_int=\count269
\l__pdf_internal_box=\box52
\g__pdf_backend_object_int=\count270
\g__pdf_backend_annotation_int=\count271
\g__pdf_backend_link_int=\count272
))
Package: unicode-math 2020/01/31 v0.8q Unicode maths in XeLaTeX and LuaLaTeX
(/Users/Dev/Library/TinyTeX/texmf-dist/tex/latex/unicode-math/unicode-math-xetex.sty
Package: unicode-math-xetex 2020/01/31 v0.8q Unicode maths in XeLaTeX and LuaLaTeX
(/Users/Dev/Library/TinyTeX/texmf-dist/tex/latex/l3packages/xparse/xparse.sty
Package: xparse 2021-11-12 L3 Experimental document command parser
) (/Users/Dev/Library/TinyTeX/texmf-dist/tex/latex/l3packages/l3keys2e/l3keys2e.sty
Package: l3keys2e 2021-11-12 LaTeX2e option processing using LaTeX3 keys
) (/Users/Dev/Library/TinyTeX/texmf-dist/tex/latex/fontspec/fontspec.sty
Package: fontspec 2020/02/21 v2.7i Font selection for XeLaTeX and LuaLaTeX
(/Users/Dev/Library/TinyTeX/texmf-dist/tex/latex/fontspec/fontspec-xetex.sty
Package: fontspec-xetex 2020/02/21 v2.7i Font selection for XeLaTeX and LuaLaTeX
\l__fontspec_script_int=\count273
\l__fontspec_language_int=\count274
\l__fontspec_strnum_int=\count275
\l__fontspec_tmp_int=\count276
\l__fontspec_tmpa_int=\count277
\l__fontspec_tmpb_int=\count278
\l__fontspec_tmpc_int=\count279
\l__fontspec_em_int=\count280
\l__fontspec_emdef_int=\count281
\l__fontspec_strong_int=\count282
\l__fontspec_strongdef_int=\count283
\l__fontspec_tmpa_dim=\dimen148
\l__fontspec_tmpb_dim=\dimen149
\l__fontspec_tmpc_dim=\dimen150
(/Users/Dev/Library/TinyTeX/texmf-dist/tex/latex/base/fontenc.sty
Package: fontenc 2021/04/29 v2.0v Standard LaTeX package
) (/Users/Dev/Library/TinyTeX/texmf-dist/tex/latex/fontspec/fontspec.cfg))) (/Users/Dev/Library/TinyTeX/texmf-dist/tex/latex/base/fix-cm.sty
Package: fix-cm 2020/11/24 v1.1t fixes to LaTeX
(/Users/Dev/Library/TinyTeX/texmf-dist/tex/latex/base/ts1enc.def
File: ts1enc.def 2001/06/05 v3.0e (jk/car/fm) Standard LaTeX file
LaTeX Font Info:    Redeclaring font encoding TS1 on input line 47.
))
\g__um_fam_int=\count284
\g__um_fonts_used_int=\count285
\l__um_primecount_int=\count286
\g__um_primekern_muskip=\muskip17
(/Users/Dev/Library/TinyTeX/texmf-dist/tex/latex/unicode-math/unicode-math-table.tex))) (/Users/Dev/Library/TinyTeX/texmf-dist/tex/latex/xcolor/xcolor.sty
Package: xcolor 2021/10/31 v2.13 LaTeX color extensions (UK)
(/Users/Dev/Library/TinyTeX/texmf-dist/tex/latex/graphics-cfg/color.cfg
File: color.cfg 2016/01/02 v1.6 sample color configuration
)
Package xcolor Info: Driver file: xetex.def on input line 227.
(/Users/Dev/Library/TinyTeX/texmf-dist/tex/latex/graphics-def/xetex.def
File: xetex.def 2021/03/18 v5.0k Graphics/color driver for xetex
)
Package xcolor Info: Model `cmy' substituted by `cmy0' on input line 1352.
Package xcolor Info: Model `RGB' extended on input line 1368.
Package xcolor Info: Model `HTML' substituted by `rgb' on input line 1370.
Package xcolor Info: Model `Hsb' substituted by `hsb' on input line 1371.
Package xcolor Info: Model `tHsb' substituted by `hsb' on input line 1372.
Package xcolor Info: Model `HSB' substituted by `hsb' on input line 1373.
Package xcolor Info: Model `Gray' substituted by `gray' on input line 1374.
Package xcolor Info: Model `wave' substituted by `hsb' on input line 1375.
) (/Users/Dev/Library/TinyTeX/texmf-dist/tex/latex/fancyvrb/fancyvrb.sty
Package: fancyvrb 2021/11/24\nobreakspace {} 4.1a\nobreakspace {}verbatim text (tvz,hv)
(/Users/Dev/Library/TinyTeX/texmf-dist/tex/latex/graphics/keyval.sty
Package: keyval 2014/10/28 v1.15 key=value parser (DPC)
\KV@toks@=\toks21
)
\FV@CodeLineNo=\count287
\FV@InFile=\read2
\FV@TabBox=\box53
\c@FancyVerbLine=\count288
\FV@StepNumber=\count289
\FV@OutFile=\write3
) (/Users/Dev/Library/TinyTeX/texmf-dist/tex/latex/framed/framed.sty
Package: framed 2011/10/22 v 0.96: framed or shaded text with page breaks
\OuterFrameSep=\skip52
\fb@frw=\dimen151
\fb@frh=\dimen152
\FrameRule=\dimen153
\FrameSep=\dimen154
) (/Users/Dev/Library/TinyTeX/texmf-dist/tex/latex/tools/longtable.sty
Package: longtable 2021-09-01 v4.17 Multi-page Table package (DPC)
\LTleft=\skip53
\LTright=\skip54
\LTpre=\skip55
\LTpost=\skip56
\LTchunksize=\count290
\LTcapwidth=\dimen155
\LT@head=\box54
\LT@firsthead=\box55
\LT@foot=\box56
\LT@lastfoot=\box57
\LT@gbox=\box58
\LT@cols=\count291
\LT@rows=\count292
\c@LT@tables=\count293
\c@LT@chunks=\count294
\LT@p@ftn=\toks22
) (/Users/Dev/Library/TinyTeX/texmf-dist/tex/latex/booktabs/booktabs.sty
Package: booktabs 2020/01/12 v1.61803398 Publication quality tables
\heavyrulewidth=\dimen156
\lightrulewidth=\dimen157
\cmidrulewidth=\dimen158
\belowrulesep=\dimen159
\belowbottomsep=\dimen160
\aboverulesep=\dimen161
\abovetopsep=\dimen162
\cmidrulesep=\dimen163
\cmidrulekern=\dimen164
\defaultaddspace=\dimen165
\@cmidla=\count295
\@cmidlb=\count296
\@aboverulesep=\dimen166
\@belowrulesep=\dimen167
\@thisruleclass=\count297
\@lastruleclass=\count298
\@thisrulewidth=\dimen168
) (/Users/Dev/Library/TinyTeX/texmf-dist/tex/latex/tools/array.sty
Package: array 2021/10/04 v2.5f Tabular extension package (FMi)
\col@sep=\dimen169
\ar@mcellbox=\box59
\extrarowheight=\dimen170
\NC@list=\toks23
\extratabsurround=\skip57
\backup@length=\skip58
\ar@cellbox=\box60
) (/Users/Dev/Library/TinyTeX/texmf-dist/tex/latex/tools/calc.sty
Package: calc 2017/05/25 v4.3 Infix arithmetic (KKT,FJ)
\calc@Acount=\count299
\calc@Bcount=\count300
\calc@Adimen=\dimen171
\calc@Bdimen=\dimen172
\calc@Askip=\skip59
\calc@Bskip=\skip60
LaTeX Info: Redefining \setlength on input line 80.
LaTeX Info: Redefining \addtolength on input line 81.
\calc@Ccount=\count301
\calc@Cskip=\skip61
) (/Users/Dev/Library/TinyTeX/texmf-dist/tex/latex/etoolbox/etoolbox.sty
Package: etoolbox 2020/10/05 v2.5k e-TeX tools for LaTeX (JAW)
\etb@tempcnta=\count302
) (/Users/Dev/Library/TinyTeX/texmf-dist/tex/latex/mdwtools/footnote.sty
Package: footnote 1997/01/28 1.13 Save footnotes around boxes
\fn@notes=\box61
\fn@width=\dimen173
) (/Users/Dev/Library/TinyTeX/texmf-dist/tex/latex/graphics/graphicx.sty
Package: graphicx 2021/09/16 v1.2d Enhanced LaTeX Graphics (DPC,SPQR)
(/Users/Dev/Library/TinyTeX/texmf-dist/tex/latex/graphics/graphics.sty
Package: graphics 2021/03/04 v1.4d Standard LaTeX Graphics (DPC,SPQR)
(/Users/Dev/Library/TinyTeX/texmf-dist/tex/latex/graphics/trig.sty
Package: trig 2021/08/11 v1.11 sin cos tan (DPC)
) (/Users/Dev/Library/TinyTeX/texmf-dist/tex/latex/graphics-cfg/graphics.cfg
File: graphics.cfg 2016/06/04 v1.11 sample graphics configuration
)
Package graphics Info: Driver file: xetex.def on input line 107.
)
\Gin@req@height=\dimen174
\Gin@req@width=\dimen175
) (/Users/Dev/Library/TinyTeX/texmf-dist/tex/latex/amscls/amsthm.sty
Package: amsthm 2020/05/29 v2.20.6
\thm@style=\toks24
\thm@bodyfont=\toks25
\thm@headfont=\toks26
\thm@notefont=\toks27
\thm@headpunct=\toks28
\thm@preskip=\skip62
\thm@postskip=\skip63
\thm@headsep=\skip64
\dth@everypar=\toks29
) (/Users/Dev/Library/TinyTeX/texmf-dist/tex/latex/multirow/multirow.sty
Package: multirow 2021/03/15 v2.8 Span multiple rows of a table
\multirow@colwidth=\skip65
\multirow@cntb=\count303
\multirow@dima=\skip66
\bigstrutjot=\dimen176
) (/Users/Dev/Library/TinyTeX/texmf-dist/tex/latex/wrapfig/wrapfig.sty
\wrapoverhang=\dimen177
\WF@size=\dimen178
\c@WF@wrappedlines=\count304
\WF@box=\box62
\WF@everypar=\toks30
Package: wrapfig 2003/01/31  v 3.6
) (/Users/Dev/Library/TinyTeX/texmf-dist/tex/latex/float/float.sty
Package: float 2001/11/08 v1.3d Float enhancements (AL)
\c@float@type=\count305
\float@exts=\toks31
\float@box=\box63
\@float@everytoks=\toks32
\@floatcapt=\box64
) (/Users/Dev/Library/TinyTeX/texmf-dist/tex/latex/colortbl/colortbl.sty
Package: colortbl 2020/01/04 v1.0e Color table columns (DPC)
\everycr=\toks33
\minrowclearance=\skip67
) (/Users/Dev/Library/TinyTeX/texmf-dist/tex/latex/pdflscape/pdflscape.sty
Package: pdflscape 2019/12/05 v0.12 Display of landscape pages in PDF (HO)
(/Users/Dev/Library/TinyTeX/texmf-dist/tex/latex/graphics/lscape.sty
Package: lscape 2020/05/28 v3.02 Landscape Pages (DPC)
)
Package pdflscape Info: Auto-detected driver: dvipdfm (xetex) on input line 98.
(/Users/Dev/Library/TinyTeX/texmf-dist/tex/latex/base/atbegshi-ltx.sty
Package: atbegshi-ltx 2021/01/10 v1.0c Emulation of the original atbegshi
package with kernel methods
)) (/Users/Dev/Library/TinyTeX/texmf-dist/tex/latex/tabu/tabu.sty
Package: tabu 2019/01/11 v2.9 - flexible LaTeX tabulars (FC+tabu-fixed)
(/Users/Dev/Library/TinyTeX/texmf-dist/tex/latex/varwidth/varwidth.sty
Package: varwidth 2009/03/30 ver 0.92;  Variable-width minipages
\@vwid@box=\box65
\sift@deathcycles=\count306
\@vwid@loff=\dimen179
\@vwid@roff=\dimen180
)
\c@taburow=\count307
\tabu@nbcols=\count308
\tabu@cnt=\count309
\tabu@Xcol=\count310
\tabu@alloc=\count311
\tabu@nested=\count312
\tabu@target=\dimen181
\tabu@spreadtarget=\dimen182
\tabu@naturalX=\dimen183
\tabucolX=\dimen184
\tabu@Xsum=\dimen185
\extrarowdepth=\dimen186
\abovetabulinesep=\dimen187
\belowtabulinesep=\dimen188
\tabustrutrule=\dimen189
\tabu@thebody=\toks34
\tabu@footnotes=\toks35
\tabu@box=\box66
\tabu@arstrutbox=\box67
\tabu@hleads=\box68
\tabu@vleads=\box69
\tabu@cellskip=\skip68
) (/Users/Dev/Library/TinyTeX/texmf-dist/tex/latex/threeparttable/threeparttable.sty
Package: threeparttable 2003/06/13  v 3.0
\@tempboxb=\box70
) (/Users/Dev/Library/TinyTeX/texmf-dist/tex/latex/threeparttablex/threeparttablex.sty
Package: threeparttablex 2013/07/23 v0.3 by daleif
(/Users/Dev/Library/TinyTeX/texmf-dist/tex/latex/environ/environ.sty
Package: environ 2014/05/04 v0.3 A new way to define environments
(/Users/Dev/Library/TinyTeX/texmf-dist/tex/latex/trimspaces/trimspaces.sty
Package: trimspaces 2009/09/17 v1.1 Trim spaces around a token list
))
\TPTL@width=\skip69
) (/Users/Dev/Library/TinyTeX/texmf-dist/tex/generic/ulem/ulem.sty
\UL@box=\box71
\UL@hyphenbox=\box72
\UL@skip=\skip70
\UL@hook=\toks36
\UL@height=\dimen190
\UL@pe=\count313
\UL@pixel=\dimen191
\ULC@box=\box73
Package: ulem 2019/11/18
\ULdepth=\dimen192
) (/Users/Dev/Library/TinyTeX/texmf-dist/tex/latex/makecell/makecell.sty
Package: makecell 2009/08/03 V0.1e Managing of Tab Column Heads and Cells
\rotheadsize=\dimen193
\c@nlinenum=\count314
\TeXr@lab=\toks37
) (/Users/Dev/Library/TinyTeX/texmf-dist/tex/latex/natbib/natbib.sty
Package: natbib 2010/09/13 8.31b (PWD, AO)
\bibhang=\skip71
\bibsep=\skip72
LaTeX Info: Redefining \cite on input line 694.
\c@NAT@ctr=\count315
) (/Users/Dev/Library/TinyTeX/texmf-dist/tex/latex/hyperref/hyperref.sty
Package: hyperref 2021-06-07 v7.00m Hypertext links for LaTeX
(/Users/Dev/Library/TinyTeX/texmf-dist/tex/generic/ltxcmds/ltxcmds.sty
Package: ltxcmds 2020-05-10 v1.25 LaTeX kernel commands for general use (HO)
) (/Users/Dev/Library/TinyTeX/texmf-dist/tex/generic/pdftexcmds/pdftexcmds.sty
Package: pdftexcmds 2020-06-27 v0.33 Utility functions of pdfTeX for LuaTeX (HO)
(/Users/Dev/Library/TinyTeX/texmf-dist/tex/generic/infwarerr/infwarerr.sty
Package: infwarerr 2019/12/03 v1.5 Providing info/warning/error messages (HO)
)
Package pdftexcmds Info: \pdf@primitive is available.
Package pdftexcmds Info: \pdf@ifprimitive is available.
Package pdftexcmds Info: \pdfdraftmode not found.
) (/Users/Dev/Library/TinyTeX/texmf-dist/tex/generic/kvsetkeys/kvsetkeys.sty
Package: kvsetkeys 2019/12/15 v1.18 Key value parser (HO)
) (/Users/Dev/Library/TinyTeX/texmf-dist/tex/generic/kvdefinekeys/kvdefinekeys.sty
Package: kvdefinekeys 2019-12-19 v1.6 Define keys (HO)
) (/Users/Dev/Library/TinyTeX/texmf-dist/tex/generic/pdfescape/pdfescape.sty
Package: pdfescape 2019/12/09 v1.15 Implements pdfTeX's escape features (HO)
) (/Users/Dev/Library/TinyTeX/texmf-dist/tex/latex/hycolor/hycolor.sty
Package: hycolor 2020-01-27 v1.10 Color options for hyperref/bookmark (HO)
) (/Users/Dev/Library/TinyTeX/texmf-dist/tex/latex/letltxmacro/letltxmacro.sty
Package: letltxmacro 2019/12/03 v1.6 Let assignment for LaTeX macros (HO)
) (/Users/Dev/Library/TinyTeX/texmf-dist/tex/latex/auxhook/auxhook.sty
Package: auxhook 2019-12-17 v1.6 Hooks for auxiliary files (HO)
) (/Users/Dev/Library/TinyTeX/texmf-dist/tex/latex/kvoptions/kvoptions.sty
Package: kvoptions 2020-10-07 v3.14 Key value format for package options (HO)
)
\@linkdim=\dimen194
\Hy@linkcounter=\count316
\Hy@pagecounter=\count317
(/Users/Dev/Library/TinyTeX/texmf-dist/tex/latex/hyperref/pd1enc.def
File: pd1enc.def 2021-06-07 v7.00m Hyperref: PDFDocEncoding definition (HO)
) (/Users/Dev/Library/TinyTeX/texmf-dist/tex/latex/hyperref/hyperref-langpatches.def
File: hyperref-langpatches.def 2021-06-07 v7.00m Hyperref: patches for babel languages
) (/Users/Dev/Library/TinyTeX/texmf-dist/tex/generic/intcalc/intcalc.sty
Package: intcalc 2019/12/15 v1.3 Expandable calculations with integers (HO)
) (/Users/Dev/Library/TinyTeX/texmf-dist/tex/generic/etexcmds/etexcmds.sty
Package: etexcmds 2019/12/15 v1.7 Avoid name clashes with e-TeX commands (HO)
)
\Hy@SavedSpaceFactor=\count318
(/Users/Dev/Library/TinyTeX/texmf-dist/tex/latex/hyperref/puenc.def
File: puenc.def 2021-06-07 v7.00m Hyperref: PDF Unicode definition (HO)
)
Package hyperref Info: Option `unicode' set `true' on input line 4073.
Package hyperref Info: Hyper figures OFF on input line 4192.
Package hyperref Info: Link nesting OFF on input line 4197.
Package hyperref Info: Hyper index ON on input line 4200.
Package hyperref Info: Plain pages OFF on input line 4207.
Package hyperref Info: Backreferencing OFF on input line 4212.
Package hyperref Info: Implicit mode ON; LaTeX internals redefined.
Package hyperref Info: Bookmarks ON on input line 4445.
\c@Hy@tempcnt=\count319
(/Users/Dev/Library/TinyTeX/texmf-dist/tex/latex/url/url.sty
\Urlmuskip=\muskip18
Package: url 2013/09/16  ver 3.4  Verb mode for urls, etc.
)
LaTeX Info: Redefining \url on input line 4804.
\XeTeXLinkMargin=\dimen195
(/Users/Dev/Library/TinyTeX/texmf-dist/tex/generic/bitset/bitset.sty
Package: bitset 2019/12/09 v1.3 Handle bit-vector datatype (HO)
(/Users/Dev/Library/TinyTeX/texmf-dist/tex/generic/bigintcalc/bigintcalc.sty
Package: bigintcalc 2019/12/15 v1.5 Expandable calculations on big integers (HO)
))
\Fld@menulength=\count320
\Field@Width=\dimen196
\Fld@charsize=\dimen197
Package hyperref Info: Hyper figures OFF on input line 6076.
Package hyperref Info: Link nesting OFF on input line 6081.
Package hyperref Info: Hyper index ON on input line 6084.
Package hyperref Info: backreferencing OFF on input line 6091.
Package hyperref Info: Link coloring OFF on input line 6096.
Package hyperref Info: Link coloring with OCG OFF on input line 6101.
Package hyperref Info: PDF/A mode OFF on input line 6106.
LaTeX Info: Redefining \ref on input line 6146.
LaTeX Info: Redefining \pageref on input line 6150.
\Hy@abspage=\count321
\c@Item=\count322
\c@Hfootnote=\count323
)
Package hyperref Info: Driver (autodetected): hxetex.
(/Users/Dev/Library/TinyTeX/texmf-dist/tex/latex/hyperref/hxetex.def
File: hxetex.def 2021-06-07 v7.00m Hyperref driver for XeTeX
(/Users/Dev/Library/TinyTeX/texmf-dist/tex/generic/stringenc/stringenc.sty
Package: stringenc 2019/11/29 v1.12 Convert strings between diff. encodings (HO)
)
\pdfm@box=\box74
\c@Hy@AnnotLevel=\count324
\HyField@AnnotCount=\count325
\Fld@listcount=\count326
\c@bookmark@seq@number=\count327
(/Users/Dev/Library/TinyTeX/texmf-dist/tex/latex/rerunfilecheck/rerunfilecheck.sty
Package: rerunfilecheck 2019/12/05 v1.9 Rerun checks for auxiliary files (HO)
(/Users/Dev/Library/TinyTeX/texmf-dist/tex/latex/base/atveryend-ltx.sty
Package: atveryend-ltx 2020/08/19 v1.0a Emulation of the original atveryend package
with kernel methods
) (/Users/Dev/Library/TinyTeX/texmf-dist/tex/generic/uniquecounter/uniquecounter.sty
Package: uniquecounter 2019/12/15 v1.4 Provide unlimited unique counter (HO)
)
Package uniquecounter Info: New unique counter `rerunfilecheck' on input line 286.
)
\Hy@SectionHShift=\skip73
) (./RJafrocQuickStart.aux)
\openout1 = `RJafrocQuickStart.aux'.

LaTeX Font Info:    Checking defaults for OML/cmm/m/it on input line 143.
LaTeX Font Info:    ... okay on input line 143.
LaTeX Font Info:    Checking defaults for OMS/cmsy/m/n on input line 143.
LaTeX Font Info:    ... okay on input line 143.
LaTeX Font Info:    Checking defaults for OT1/cmr/m/n on input line 143.
LaTeX Font Info:    ... okay on input line 143.
LaTeX Font Info:    Checking defaults for T1/cmr/m/n on input line 143.
LaTeX Font Info:    ... okay on input line 143.
LaTeX Font Info:    Checking defaults for TS1/cmr/m/n on input line 143.
LaTeX Font Info:    ... okay on input line 143.
LaTeX Font Info:    Checking defaults for TU/lmr/m/n on input line 143.
LaTeX Font Info:    ... okay on input line 143.
LaTeX Font Info:    Checking defaults for OMX/cmex/m/n on input line 143.
LaTeX Font Info:    ... okay on input line 143.
LaTeX Font Info:    Checking defaults for U/cmr/m/n on input line 143.
LaTeX Font Info:    ... okay on input line 143.
LaTeX Font Info:    Checking defaults for PD1/pdf/m/n on input line 143.
LaTeX Font Info:    ... okay on input line 143.
LaTeX Font Info:    Checking defaults for PU/pdf/m/n on input line 143.
LaTeX Font Info:    ... okay on input line 143.
LaTeX Font Info:    Overwriting math alphabet `\mathrm' in version `normal'
(Font)                  OT1/lmr/m/n --> TU/lmr/m/n on input line 143.
LaTeX Font Info:    Overwriting math alphabet `\mathit' in version `normal'
(Font)                  OT1/lmr/m/it --> TU/lmr/m/it on input line 143.
LaTeX Font Info:    Overwriting math alphabet `\mathbf' in version `normal'
(Font)                  OT1/lmr/bx/n --> TU/lmr/bx/n on input line 143.
LaTeX Font Info:    Overwriting math alphabet `\mathsf' in version `normal'
(Font)                  OT1/lmss/m/n --> TU/lmss/m/n on input line 143.
LaTeX Font Info:    Overwriting math alphabet `\mathsf' in version `bold'
(Font)                  OT1/lmss/bx/n --> TU/lmss/bx/n on input line 143.
LaTeX Font Info:    Overwriting math alphabet `\mathtt' in version `normal'
(Font)                  OT1/lmtt/m/n --> TU/lmtt/m/n on input line 143.
LaTeX Font Info:    Overwriting math alphabet `\mathtt' in version `bold'
(Font)                  OT1/lmtt/m/n --> TU/lmtt/bx/n on input line 143.

Package fontspec Info: latinmodern-math scale = 0.9999964596882403.


Package fontspec Info: latinmodern-math scale = 0.9999964596882403.


Package fontspec Info: latinmodern-math scale = 0.9999964596882403.


Package fontspec Info: Font family 'latinmodern-math.otf(0)' created for font
(fontspec)             'latinmodern-math.otf' with options
(fontspec)             [Scale=MatchLowercase,BoldItalicFont={},ItalicFont={},SmallCapsFont={},Script=Math,BoldFont={latinmodern-math.otf}].
(fontspec)              
(fontspec)              This font family consists of the following NFSS
(fontspec)             series/shapes:
(fontspec)              
(fontspec)             - 'normal' (m/n) with NFSS spec.:
(fontspec)             <->s*[0.9999964596882403]"[latinmodern-math.otf]/OT:script=math;language=dflt;"
(fontspec)             - 'small caps'  (m/sc) with NFSS spec.: 
(fontspec)             - 'bold' (b/n) with NFSS spec.:
(fontspec)             <->s*[0.9999964596882403]"[latinmodern-math.otf]/OT:script=math;language=dflt;"
(fontspec)             - 'bold small caps'  (b/sc) with NFSS spec.: 

LaTeX Font Info:    Font shape `TU/latinmodern-math.otf(0)/m/n' will be
(Font)              scaled to size 10.0pt on input line 143.

Package fontspec Info: latinmodern-math scale = 0.9999964596882403.


Package fontspec Info: latinmodern-math scale = 0.9999964596882403.


Package fontspec Info: latinmodern-math scale = 0.9999964596882403.


Package fontspec Info: latinmodern-math scale = 0.9999964596882403.


Package fontspec Info: latinmodern-math scale = 0.9999964596882403.


Package fontspec Info: Font family 'latinmodern-math.otf(1)' created for font
(fontspec)             'latinmodern-math.otf' with options
(fontspec)             [Scale=MatchLowercase,BoldItalicFont={},ItalicFont={},SmallCapsFont={},Script=Math,SizeFeatures={{Size=8.5-},{Size=6-8.5,Font=latinmodern-math.otf,Style=MathScript},{Size=-6,Font=latinmodern-math.otf,Style=MathScriptScript}},BoldFont={latinmodern-math.otf}].
(fontspec)              
(fontspec)              This font family consists of the following NFSS
(fontspec)             series/shapes:
(fontspec)              
(fontspec)             - 'normal' (m/n) with NFSS spec.:
(fontspec)             <8.5->s*[0.9999964596882403]"[latinmodern-math.otf]/OT:script=math;language=dflt;"<6-8.5>s*[0.9999964596882403]"[latinmodern-math.otf]/OT:script=math;language=dflt;+ssty=0;"<-6>s*[0.9999964596882403]"[latinmodern-math.otf]/OT:script=math;language=dflt;+ssty=1;"
(fontspec)             - 'small caps'  (m/sc) with NFSS spec.: 
(fontspec)             - 'bold' (b/n) with NFSS spec.:
(fontspec)             <->s*[0.9999964596882403]"[latinmodern-math.otf]/OT:script=math;language=dflt;"
(fontspec)             - 'bold small caps'  (b/sc) with NFSS spec.: 

LaTeX Font Info:    Font shape `TU/latinmodern-math.otf(1)/m/n' will be
(Font)              scaled to size 10.0pt on input line 143.
LaTeX Font Info:    Encoding `OT1' has changed to `TU' for symbol font
(Font)              `operators' in the math version `normal' on input line 143.
LaTeX Font Info:    Overwriting symbol font `operators' in version `normal'
(Font)                  OT1/lmr/m/n --> TU/latinmodern-math.otf(1)/m/n on input line 143.
LaTeX Font Info:    Encoding `OT1' has changed to `TU' for symbol font
(Font)              `operators' in the math version `bold' on input line 143.
LaTeX Font Info:    Overwriting symbol font `operators' in version `bold'
(Font)                  OT1/lmr/bx/n --> TU/latinmodern-math.otf(1)/b/n on input line 143.

Package fontspec Info: latinmodern-math scale = 0.9999964596882403.


Package fontspec Info: latinmodern-math scale = 1.000096459334209.


Package fontspec Info: latinmodern-math scale = 0.9999964596882403.


Package fontspec Info: latinmodern-math scale = 1.000096459334209.


Package fontspec Info: latinmodern-math scale = 0.9999964596882403.


Package fontspec Info: latinmodern-math scale = 1.000096459334209.


Package fontspec Info: latinmodern-math scale = 0.9999964596882403.


Package fontspec Info: latinmodern-math scale = 1.000096459334209.


Package fontspec Info: latinmodern-math scale = 0.9999964596882403.


Package fontspec Info: latinmodern-math scale = 1.000096459334209.


Package fontspec Info: Font family 'latinmodern-math.otf(2)' created for font
(fontspec)             'latinmodern-math.otf' with options
(fontspec)             [Scale=MatchLowercase,BoldItalicFont={},ItalicFont={},SmallCapsFont={},Script=Math,SizeFeatures={{Size=8.5-},{Size=6-8.5,Font=latinmodern-math.otf,Style=MathScript},{Size=-6,Font=latinmodern-math.otf,Style=MathScriptScript}},BoldFont={latinmodern-math.otf},ScaleAgain=1.0001,FontAdjustment={\fontdimen
(fontspec)             8\font =6.77pt\relax \fontdimen 9\font =3.94pt\relax
(fontspec)             \fontdimen 10\font =4.44pt\relax \fontdimen 11\font
(fontspec)             =6.86pt\relax \fontdimen 12\font =3.45pt\relax
(fontspec)             \fontdimen 13\font =3.63pt\relax \fontdimen 14\font
(fontspec)             =3.63pt\relax \fontdimen 15\font =2.89pt\relax
(fontspec)             \fontdimen 16\font =2.47pt\relax \fontdimen 17\font
(fontspec)             =2.47pt\relax \fontdimen 18\font =2.5pt\relax
(fontspec)             \fontdimen 19\font =2.0pt\relax \fontdimen 22\font
(fontspec)             =2.5pt\relax \fontdimen 20\font =0pt\relax \fontdimen
(fontspec)             21\font =0pt\relax }].
(fontspec)              
(fontspec)              This font family consists of the following NFSS
(fontspec)             series/shapes:
(fontspec)              
(fontspec)             - 'normal' (m/n) with NFSS spec.:
(fontspec)             <8.5->s*[1.000096459334209]"[latinmodern-math.otf]/OT:script=math;language=dflt;"<6-8.5>s*[1.000096459334209]"[latinmodern-math.otf]/OT:script=math;language=dflt;+ssty=0;"<-6>s*[1.000096459334209]"[latinmodern-math.otf]/OT:script=math;language=dflt;+ssty=1;"
(fontspec)             - 'small caps'  (m/sc) with NFSS spec.: 
(fontspec)             and font adjustment code:
(fontspec)             \fontdimen 8\font =6.77pt\relax \fontdimen 9\font
(fontspec)             =3.94pt\relax \fontdimen 10\font =4.44pt\relax
(fontspec)             \fontdimen 11\font =6.86pt\relax \fontdimen 12\font
(fontspec)             =3.45pt\relax \fontdimen 13\font =3.63pt\relax
(fontspec)             \fontdimen 14\font =3.63pt\relax \fontdimen 15\font
(fontspec)             =2.89pt\relax \fontdimen 16\font =2.47pt\relax
(fontspec)             \fontdimen 17\font =2.47pt\relax \fontdimen 18\font
(fontspec)             =2.5pt\relax \fontdimen 19\font =2.0pt\relax \fontdimen
(fontspec)             22\font =2.5pt\relax \fontdimen 20\font =0pt\relax
(fontspec)             \fontdimen 21\font =0pt\relax 
(fontspec)             - 'bold' (b/n) with NFSS spec.:
(fontspec)             <->s*[1.000096459334209]"[latinmodern-math.otf]/OT:script=math;language=dflt;"
(fontspec)             - 'bold small caps'  (b/sc) with NFSS spec.: 
(fontspec)             and font adjustment code:
(fontspec)             \fontdimen 8\font =6.77pt\relax \fontdimen 9\font
(fontspec)             =3.94pt\relax \fontdimen 10\font =4.44pt\relax
(fontspec)             \fontdimen 11\font =6.86pt\relax \fontdimen 12\font
(fontspec)             =3.45pt\relax \fontdimen 13\font =3.63pt\relax
(fontspec)             \fontdimen 14\font =3.63pt\relax \fontdimen 15\font
(fontspec)             =2.89pt\relax \fontdimen 16\font =2.47pt\relax
(fontspec)             \fontdimen 17\font =2.47pt\relax \fontdimen 18\font
(fontspec)             =2.5pt\relax \fontdimen 19\font =2.0pt\relax \fontdimen
(fontspec)             22\font =2.5pt\relax \fontdimen 20\font =0pt\relax
(fontspec)             \fontdimen 21\font =0pt\relax 

LaTeX Font Info:    Encoding `OMS' has changed to `TU' for symbol font
(Font)              `symbols' in the math version `normal' on input line 143.
LaTeX Font Info:    Overwriting symbol font `symbols' in version `normal'
(Font)                  OMS/lmsy/m/n --> TU/latinmodern-math.otf(2)/m/n on input line 143.
LaTeX Font Info:    Encoding `OMS' has changed to `TU' for symbol font
(Font)              `symbols' in the math version `bold' on input line 143.
LaTeX Font Info:    Overwriting symbol font `symbols' in version `bold'
(Font)                  OMS/lmsy/b/n --> TU/latinmodern-math.otf(2)/b/n on input line 143.

Package fontspec Info: latinmodern-math scale = 0.9999964596882403.


Package fontspec Info: latinmodern-math scale = 0.9998964600422715.


Package fontspec Info: latinmodern-math scale = 0.9999964596882403.


Package fontspec Info: latinmodern-math scale = 0.9998964600422715.


Package fontspec Info: latinmodern-math scale = 0.9999964596882403.


Package fontspec Info: latinmodern-math scale = 0.9998964600422715.


Package fontspec Info: latinmodern-math scale = 0.9999964596882403.


Package fontspec Info: latinmodern-math scale = 0.9998964600422715.


Package fontspec Info: latinmodern-math scale = 0.9999964596882403.


Package fontspec Info: latinmodern-math scale = 0.9998964600422715.


Package fontspec Info: Font family 'latinmodern-math.otf(3)' created for font
(fontspec)             'latinmodern-math.otf' with options
(fontspec)             [Scale=MatchLowercase,BoldItalicFont={},ItalicFont={},SmallCapsFont={},Script=Math,SizeFeatures={{Size=8.5-},{Size=6-8.5,Font=latinmodern-math.otf,Style=MathScript},{Size=-6,Font=latinmodern-math.otf,Style=MathScriptScript}},BoldFont={latinmodern-math.otf},ScaleAgain=0.9999,FontAdjustment={\fontdimen
(fontspec)             8\font =0.4pt\relax \fontdimen 9\font =2.0pt\relax
(fontspec)             \fontdimen 10\font =1.67pt\relax \fontdimen 11\font
(fontspec)             =1.11pt\relax \fontdimen 12\font =6.0pt\relax
(fontspec)             \fontdimen 13\font =0pt\relax }].
(fontspec)              
(fontspec)              This font family consists of the following NFSS
(fontspec)             series/shapes:
(fontspec)              
(fontspec)             - 'normal' (m/n) with NFSS spec.:
(fontspec)             <8.5->s*[0.9998964600422715]"[latinmodern-math.otf]/OT:script=math;language=dflt;"<6-8.5>s*[0.9998964600422715]"[latinmodern-math.otf]/OT:script=math;language=dflt;+ssty=0;"<-6>s*[0.9998964600422715]"[latinmodern-math.otf]/OT:script=math;language=dflt;+ssty=1;"
(fontspec)             - 'small caps'  (m/sc) with NFSS spec.: 
(fontspec)             and font adjustment code:
(fontspec)             \fontdimen 8\font =0.4pt\relax \fontdimen 9\font
(fontspec)             =2.0pt\relax \fontdimen 10\font =1.67pt\relax
(fontspec)             \fontdimen 11\font =1.11pt\relax \fontdimen 12\font
(fontspec)             =6.0pt\relax \fontdimen 13\font =0pt\relax 
(fontspec)             - 'bold' (b/n) with NFSS spec.:
(fontspec)             <->s*[0.9998964600422715]"[latinmodern-math.otf]/OT:script=math;language=dflt;"
(fontspec)             - 'bold small caps'  (b/sc) with NFSS spec.: 
(fontspec)             and font adjustment code:
(fontspec)             \fontdimen 8\font =0.4pt\relax \fontdimen 9\font
(fontspec)             =2.0pt\relax \fontdimen 10\font =1.67pt\relax
(fontspec)             \fontdimen 11\font =1.11pt\relax \fontdimen 12\font
(fontspec)             =6.0pt\relax \fontdimen 13\font =0pt\relax 

LaTeX Font Info:    Encoding `OMX' has changed to `TU' for symbol font
(Font)              `largesymbols' in the math version `normal' on input line 143.
LaTeX Font Info:    Overwriting symbol font `largesymbols' in version `normal'
(Font)                  OMX/lmex/m/n --> TU/latinmodern-math.otf(3)/m/n on input line 143.
LaTeX Font Info:    Encoding `OMX' has changed to `TU' for symbol font
(Font)              `largesymbols' in the math version `bold' on input line 143.
LaTeX Font Info:    Overwriting symbol font `largesymbols' in version `bold'
(Font)                  OMX/lmex/m/n --> TU/latinmodern-math.otf(3)/b/n on input line 143.
Package hyperref Info: Link coloring OFF on input line 143.
(/Users/Dev/Library/TinyTeX/texmf-dist/tex/latex/hyperref/nameref.sty
Package: nameref 2021-04-02 v2.47 Cross-referencing by name of section
(/Users/Dev/Library/TinyTeX/texmf-dist/tex/latex/refcount/refcount.sty
Package: refcount 2019/12/15 v3.6 Data extraction from label references (HO)
) (/Users/Dev/Library/TinyTeX/texmf-dist/tex/generic/gettitlestring/gettitlestring.sty
Package: gettitlestring 2019/12/15 v1.6 Cleanup title references (HO)
)
\c@section@level=\count328
)
LaTeX Info: Redefining \ref on input line 143.
LaTeX Info: Redefining \pageref on input line 143.
LaTeX Info: Redefining \nameref on input line 143.
(./RJafrocQuickStart.out) (./RJafrocQuickStart.out)
\@outlinefile=\write4
\openout4 = `RJafrocQuickStart.out'.

LaTeX Font Info:    Font shape `TU/latinmodern-math.otf(1)/m/n' will be
(Font)              scaled to size 12.0pt on input line 145.
LaTeX Font Info:    Font shape `TU/latinmodern-math.otf(1)/m/n' will be
(Font)              scaled to size 8.0pt on input line 145.
LaTeX Font Info:    Font shape `TU/latinmodern-math.otf(1)/m/n' will be
(Font)              scaled to size 6.0pt on input line 145.
LaTeX Font Info:    Trying to load font information for OML+lmm on input line 145.
(/Users/Dev/Library/TinyTeX/texmf-dist/tex/latex/lm/omllmm.fd
File: omllmm.fd 2015/05/01 v1.6.1 Font defs for Latin Modern
)
LaTeX Font Info:    Font shape `TU/latinmodern-math.otf(2)/m/n' will be
(Font)              scaled to size 12.0011pt on input line 145.
LaTeX Font Info:    Font shape `TU/latinmodern-math.otf(2)/m/n' will be
(Font)              scaled to size 8.00073pt on input line 145.
LaTeX Font Info:    Font shape `TU/latinmodern-math.otf(2)/m/n' will be
(Font)              scaled to size 6.00055pt on input line 145.
LaTeX Font Info:    Font shape `TU/latinmodern-math.otf(3)/m/n' will be
(Font)              scaled to size 11.99872pt on input line 145.
LaTeX Font Info:    Font shape `TU/latinmodern-math.otf(3)/m/n' will be
(Font)              scaled to size 7.99915pt on input line 145.
LaTeX Font Info:    Font shape `TU/latinmodern-math.otf(3)/m/n' will be
(Font)              scaled to size 5.99936pt on input line 145.
LaTeX Font Info:    Trying to load font information for U+msa on input line 145.
(/Users/Dev/Library/TinyTeX/texmf-dist/tex/latex/amsfonts/umsa.fd
File: umsa.fd 2013/01/14 v3.01 AMS symbols A
)
LaTeX Font Info:    Trying to load font information for U+msb on input line 145.
(/Users/Dev/Library/TinyTeX/texmf-dist/tex/latex/amsfonts/umsb.fd
File: umsb.fd 2013/01/14 v3.01 AMS symbols B
) [1


] [2

] (./RJafrocQuickStart.toc
LaTeX Font Info:    Font shape `TU/latinmodern-math.otf(1)/m/n' will be
(Font)              scaled to size 7.0pt on input line 3.
LaTeX Font Info:    Font shape `TU/latinmodern-math.otf(1)/m/n' will be
(Font)              scaled to size 5.0pt on input line 3.
LaTeX Font Info:    Font shape `TU/latinmodern-math.otf(2)/m/n' will be
(Font)              scaled to size 10.00092pt on input line 3.
LaTeX Font Info:    Font shape `TU/latinmodern-math.otf(2)/m/n' will be
(Font)              scaled to size 7.00064pt on input line 3.
LaTeX Font Info:    Font shape `TU/latinmodern-math.otf(2)/m/n' will be
(Font)              scaled to size 5.00046pt on input line 3.
LaTeX Font Info:    Font shape `TU/latinmodern-math.otf(3)/m/n' will be
(Font)              scaled to size 9.99893pt on input line 3.
LaTeX Font Info:    Font shape `TU/latinmodern-math.otf(3)/m/n' will be
(Font)              scaled to size 6.99925pt on input line 3.
LaTeX Font Info:    Font shape `TU/latinmodern-math.otf(3)/m/n' will be
(Font)              scaled to size 4.99947pt on input line 3.
[3] [4] [5] [6] [7] [8] [9])
\tf@toc=\write5
\openout5 = `RJafrocQuickStart.toc'.

[10] [11

] [12

]

Package natbib Warning: Citation `R-RJafroc' on page 13 undefined on input line 180.

[13] [14] [15

] [16]
Chapter 1.

Overfull \hbox (58.64197pt too wide) in paragraph at lines 247--249
[]\TU/lmr/m/n/10 For example, for help on the function \TU/lmtt/m/n/10 PlotEmpiricalOperatingCharacteristics\TU/lmr/m/n/10 : 
 []

[17

] [18

]
Chapter 2.

Underfull \hbox (badness 4403) in paragraph at lines 276--278
[]\TU/lmr/m/n/10 Background on observer performance methods are in my book
 []

[19]
Overfull \hbox (45.1pt too wide) in paragraph at lines 308--310
[]\TU/lmr/m/n/10 The illustrations in this chapter correspond to Excel file \TU/lmtt/m/n/10 R/quick-start/rocCr.xlsx
 []

LaTeX Font Info:    Font shape `TU/lmtt/bx/n' in size <14.4> not available
(Font)              Font shape `TU/lmtt/b/n' tried instead on input line 314.
File: images/quick-start/rocCrTruth.png Graphic file (type bmp)
<images/quick-start/rocCrTruth.png>

Underfull \vbox (badness 10000) has occurred while \output is active []

[20] [21]
File: images/quick-start/rocCrFp.png Graphic file (type bmp)
<images/quick-start/rocCrFp.png>

Underfull \vbox (badness 10000) has occurred while \output is active []

[22]
Underfull \vbox (badness 10000) has occurred while \output is active []

[23]
File: images/quick-start/rocCrTp.png Graphic file (type bmp)
<images/quick-start/rocCrTp.png>
[24] [25] [26

]
Chapter 3.

Overfull \hbox (45.8089pt too wide) in paragraph at lines 454--455
\TU/lmr/m/n/10 In the previous chapter I described the format of the Excel file \TU/lmtt/m/n/10 R/quick-start/rocCr.xlsx
 []

File: images/quick-start/rocCrTruth.png Graphic file (type bmp)
<images/quick-start/rocCrTruth.png>

Underfull \vbox (badness 10000) has occurred while \output is active []

[27]
Overfull \vbox (0.47769pt too high) detected at line 488
 []

[28] [29]
Underfull \hbox (badness 2495) in paragraph at lines 547--547
[]\TU/lmr/bx/n/14.4 Correspondence between \TU/lmtt/b/n/14.4 NL \TU/lmr/bx/n/14.4 member of
 []

File: images/quick-start/rocCrFp.png Graphic file (type bmp)
<images/quick-start/rocCrFp.png>

Underfull \vbox (badness 10000) has occurred while \output is active []

[30]
Overfull \hbox (99.70013pt too wide) has occurred while \output is active
\TU/lmr/m/sl/10 3.4.  CORRESPONDENCE BETWEEN \TU/lmtt/m/sl/10 NL \TU/lmr/m/sl/10 MEMBER OF DATASET AND THE \TU/lmtt/m/sl/10 FP \TU/lmr/m/sl/10 WORKSHEET \TU/lmr/m/n/10 31
 []

[31]
Underfull \hbox (badness 2495) in paragraph at lines 601--601
[]\TU/lmr/bx/n/14.4 Correspondence between \TU/lmtt/b/n/14.4 LL \TU/lmr/bx/n/14.4 member of
 []

File: images/quick-start/rocCrTp.png Graphic file (type bmp)
<images/quick-start/rocCrTp.png>

Underfull \vbox (badness 10000) has occurred while \output is active []

[32]
Overfull \hbox (99.70013pt too wide) has occurred while \output is active
\TU/lmr/m/sl/10 3.6.  CORRESPONDENCE BETWEEN \TU/lmtt/m/sl/10 LL \TU/lmr/m/sl/10 MEMBER OF DATASET AND THE \TU/lmtt/m/sl/10 TP \TU/lmr/m/sl/10 WORKSHEET \TU/lmr/m/n/10 33
 []

[33] [34]
Chapter 4.

Overfull \hbox (13.14001pt too wide) in paragraph at lines 658--660
[]\TU/lmr/m/n/10 Explain the lesion distribution array returned by \TU/lmtt/m/n/10 UtilLesionDistrVector()\TU/lmr/m/n/10 . 
 []


Overfull \hbox (4.69002pt too wide) in paragraph at lines 660--662
[]\TU/lmr/m/n/10 Explain the lesion weights array returned by \TU/lmtt/m/n/10 UtilLesionWeightsMatrix()\TU/lmr/m/n/10 . 
 []

[35

]
File: images/quick-start/frocCrTruth.png Graphic file (type bmp)
<images/quick-start/frocCrTruth.png>
[36] [37] [38]
File: images/quick-start/frocCrNL.png Graphic file (type bmp)
<images/quick-start/frocCrNL.png>
[39]
Underfull \hbox (badness 10000) in paragraph at lines 844--846

 []

[40]
File: images/quick-start/frocCrLL.png Graphic file (type bmp)
<images/quick-start/frocCrLL.png>
[41] [42]
LaTeX Font Info:    Font shape `TU/lmtt/bx/n' in size <10> not available
(Font)              Font shape `TU/lmtt/b/n' tried instead on input line 956.

Overfull \hbox (36.88014pt too wide) has occurred while \output is active
\TU/lmr/m/sl/10 4.7.  ON THE DISTRIBUTION OF NUMBERS OF LESIONS IN DISEASED CASES \TU/lmr/m/n/10 43
 []

[43]
LaTeX Font Info:    Font shape `TU/lmtt/bx/n' in size <12> not available
(Font)              Font shape `TU/lmtt/b/n' tried instead on input line 993.

Overfull \hbox (3.76003pt too wide) in paragraph at lines 1037--1038
[]\TU/lmr/m/n/10 This information is obtained using the function \TU/lmtt/m/n/10 UtilLesionDistrVector() 
 []

[44] [45]
Underfull \vbox (badness 10000) has occurred while \output is active []

[46] [47] [48

]
Chapter 5.

Overfull \hbox (7.84203pt too wide) in paragraph at lines 1180--1181
[]\TU/lmr/m/n/10 The paradigm is illustrated with a few toy data files, \TU/lmtt/m/n/10 R/quick-start/lroc?.xlsx\TU/lmr/m/n/10 ,
 []

[49]
File: images/quick-start/lroc1Truth.png Graphic file (type bmp)
<images/quick-start/lroc1Truth.png>
[50]
Underfull \hbox (badness 10000) in paragraph at lines 1198--1200

 []

File: images/quick-start/lroc1TP.png Graphic file (type bmp)
<images/quick-start/lroc1TP.png>

Underfull \vbox (badness 10000) has occurred while \output is active []

[51]
File: images/quick-start/lroc1FP1.png Graphic file (type bmp)
<images/quick-start/lroc1FP1.png>
[52]
File: images/quick-start/lroc1FP2.png Graphic file (type bmp)
<images/quick-start/lroc1FP2.png>

Underfull \vbox (badness 10000) has occurred while \output is active []

[53]
Underfull \hbox (badness 2680) in paragraph at lines 1264--1264
[]\TU/lmr/bx/n/14.4 Reading forced localization true LROC
 []

[54]
Underfull \hbox (badness 10000) in paragraph at lines 1315--1316
[]\TU/lmr/m/n/10 x1$[][][][][][][]$LL\TU/lmtt/m/n/10 is a [2,3,5,1] dimension vector. For each modality
 []


Underfull \hbox (badness 10000) in paragraph at lines 1315--1316
\TU/lmtt/m/n/10 and reader, only the first three elements, corresponding to
 []

[55]
File: images/quick-start/lroc2TP.png Graphic file (type bmp)
<images/quick-start/lroc2TP.png>

Underfull \vbox (badness 10000) has occurred while \output is active []

[56]
File: images/quick-start/lroc2FP1.png Graphic file (type bmp)
<images/quick-start/lroc2FP1.png>

Underfull \vbox (badness 10000) has occurred while \output is active []

[57]
File: images/quick-start/lroc2FP2.png Graphic file (type bmp)
<images/quick-start/lroc2FP2.png>

Underfull \vbox (badness 10000) has occurred while \output is active []

[58]
Underfull \hbox (badness 2253) in paragraph at lines 1361--1361
[]\TU/lmr/bx/n/14.4 Reading forced localization false LROC
 []

[59] [60] [61] [62

]
Chapter 6.
[63] [64]
Underfull \hbox (badness 10000) in paragraph at lines 1554--1556

 []

[65] [66] [67] [68] [69] [70]
Chapter 7.
[71

]
Underfull \hbox (badness 10000) in paragraph at lines 1854--1856

 []

[72] [73] [74] [75] [76

]
Chapter 8.

Underfull \hbox (badness 1292) in paragraph at lines 2050--2051
\TU/lmr/m/n/10 This illustrates the \TU/lmtt/m/n/10 UtilOutputReport() \TU/lmr/m/n/10 function. The arguments are
 []


Underfull \hbox (badness 1152) in paragraph at lines 2050--2051
\TU/lmr/m/n/10 two chapters, the report file base name \TU/lmtt/m/n/10 ReportFileBaseName \TU/lmr/m/n/10 is set to
 []

[77]
Overfull \hbox (91.98003pt too wide) in paragraph at lines 2063--2064
[]\TU/lmr/m/n/10 The following screen shots display the contents of the created file \TU/lmtt/m/n/10 "R/quick-start/MyResults.xlsx"\TU/lmr/m/n/10 . 
 []

File: R/quick-start/MyResultsSummary.png Graphic file (type bmp)
<R/quick-start/MyResultsSummary.png>
File: R/quick-start/MyResultsFOMs.png Graphic file (type bmp)
<R/quick-start/MyResultsFOMs.png>

Underfull \hbox (badness 1412) in paragraph at lines 2071--2071
[]\TU/lmr/m/n/10 Figure 8.1: []‘Summary‘ and ‘FOMs‘ worksheets of Excel file ‘R/quick-
 []

File: R/quick-start/MyResultsANOVA1.png Graphic file (type bmp)
<R/quick-start/MyResultsANOVA1.png>
File: R/quick-start/MyResultsANOVA2.png Graphic file (type bmp)
<R/quick-start/MyResultsANOVA2.png>
File: R/quick-start/MyResultsRRRC.png Graphic file (type bmp)
<R/quick-start/MyResultsRRRC.png>
File: R/quick-start/MyResultsFRRC.png Graphic file (type bmp)
<R/quick-start/MyResultsFRRC.png>
File: R/quick-start/MyResultsRRFC.png Graphic file (type bmp)
<R/quick-start/MyResultsRRFC.png>
[78] [79] [80

]
Chapter 9.
[81] [82] [83] [84] [85] [86] [87] [88] [89] [90]
Chapter 10.

Underfull \hbox (badness 10000) in paragraph at lines 2229--2231

 []


Underfull \hbox (badness 10000) in paragraph at lines 2231--2233

 []

[91

] [92]
Underfull \vbox (badness 1275) has occurred while \output is active []

[93] [94] [95] [96] [97]
Underfull \hbox (badness 10000) in paragraph at lines 2437--2437
[]\TU/lmr/bx/n/14.4 Random-reader random-case (RRRC)
 []

[98] [99] [100] [101] [102] [103]
Overfull \hbox (0.51392pt too wide) detected at line 2676
[][][][][] [] [] [] [][][]
 []

[104] [105] [106]
Overfull \hbox (124.60345pt too wide) has occurred while \output is active
\TU/lmr/m/sl/10 10.5.  SAMPLE SIZE ESTIMATION FOR RANDOM-READER RANDOM-CASE GENERALIZATION \TU/lmr/m/n/10 107
 []

[107] [108]
Overfull \hbox (124.60345pt too wide) has occurred while \output is active
\TU/lmr/m/sl/10 10.5.  SAMPLE SIZE ESTIMATION FOR RANDOM-READER RANDOM-CASE GENERALIZATION \TU/lmr/m/n/10 109
 []

[109]
Underfull \vbox (badness 1292) has occurred while \output is active []

[110]
Overfull \hbox (259.33015pt too wide) has occurred while \output is active
\TU/lmr/m/sl/10 10.7.  SIGNIFICANCE TESTING AND SAMPLE SIZE ESTIMATION FOR RANDOM-READER FIXED-CASE GENERALIZATION \TU/lmr/m/n/10 111
 []

[111] [112] [113] [114]
Chapter 11.
[115

] [116]
Underfull \vbox (badness 3302) has occurred while \output is active []

[117] [118] [119] [120

]
Chapter 12.
[121]
Overfull \hbox (47.95561pt too wide) has occurred while \output is active
\TU/lmr/m/n/10 122 \TU/lmr/m/sl/10 CHAPTER 12.  INTRODUCTION TO THE OBUCHOWSKI-ROCKETTE METHOD
 []

[122] [123]
Overfull \hbox (47.95561pt too wide) has occurred while \output is active
\TU/lmr/m/n/10 124 \TU/lmr/m/sl/10 CHAPTER 12.  INTRODUCTION TO THE OBUCHOWSKI-ROCKETTE METHOD
 []

[124] [125]
Overfull \hbox (31.322pt too wide) in paragraph at lines 3493--3494
\TU/lmtt/m/n/10 dataset02 \TU/lmr/m/n/10 for reader one, as determined by function \TU/lmtt/m/n/10 UtilORVarComponentsFactorial\TU/lmr/m/n/10 . 
 []


Overfull \hbox (47.95561pt too wide) has occurred while \output is active
\TU/lmr/m/n/10 126 \TU/lmr/m/sl/10 CHAPTER 12.  INTRODUCTION TO THE OBUCHOWSKI-ROCKETTE METHOD
 []

[126]
Underfull \hbox (badness 1622) in paragraph at lines 3543--3544
\TU/lmr/m/n/10 mean square \TU/lmtt/m/n/10 msT\TU/lmr/m/n/10 , the OR variance components \TU/lmtt/m/n/10 Var \TU/lmr/m/n/10 and \TU/lmtt/m/n/10 Cov1\TU/lmr/m/n/10 : func-
 []

[127]
Overfull \hbox (47.95561pt too wide) has occurred while \output is active
\TU/lmr/m/n/10 128 \TU/lmr/m/sl/10 CHAPTER 12.  INTRODUCTION TO THE OBUCHOWSKI-ROCKETTE METHOD
 []

[128] [129]
Overfull \hbox (47.95561pt too wide) has occurred while \output is active
\TU/lmr/m/n/10 130 \TU/lmr/m/sl/10 CHAPTER 12.  INTRODUCTION TO THE OBUCHOWSKI-ROCKETTE METHOD
 []

[130] [131]
Overfull \hbox (47.95561pt too wide) has occurred while \output is active
\TU/lmr/m/n/10 132 \TU/lmr/m/sl/10 CHAPTER 12.  INTRODUCTION TO THE OBUCHOWSKI-ROCKETTE METHOD
 []

[132] [133]
Underfull \hbox (badness 1320) in paragraph at lines 3850--3852
\TU/lmr/m/n/10 FOMs is smaller than the common variation between same-reader
 []


Overfull \hbox (47.95561pt too wide) has occurred while \output is active
\TU/lmr/m/n/10 134 \TU/lmr/m/sl/10 CHAPTER 12.  INTRODUCTION TO THE OBUCHOWSKI-ROCKETTE METHOD
 []

[134] [135]
Overfull \hbox (47.95561pt too wide) has occurred while \output is active
\TU/lmr/m/n/10 136 \TU/lmr/m/sl/10 CHAPTER 12.  INTRODUCTION TO THE OBUCHOWSKI-ROCKETTE METHOD
 []

[136] [137]
Overfull \hbox (47.95561pt too wide) has occurred while \output is active
\TU/lmr/m/n/10 138 \TU/lmr/m/sl/10 CHAPTER 12.  INTRODUCTION TO THE OBUCHOWSKI-ROCKETTE METHOD
 []

[138] [139]
Overfull \hbox (47.95561pt too wide) has occurred while \output is active
\TU/lmr/m/n/10 140 \TU/lmr/m/sl/10 CHAPTER 12.  INTRODUCTION TO THE OBUCHOWSKI-ROCKETTE METHOD
 []

[140] [141]
Overfull \hbox (47.95561pt too wide) has occurred while \output is active
\TU/lmr/m/n/10 142 \TU/lmr/m/sl/10 CHAPTER 12.  INTRODUCTION TO THE OBUCHOWSKI-ROCKETTE METHOD
 []

[142]
Overfull \hbox (11.69002pt too wide) in paragraph at lines 4219--4220
[]\TU/lmr/m/n/10 Shown below are results obtained using \TU/lmtt/m/n/10 RJafroc \TU/lmr/m/n/10 function \TU/lmtt/m/n/10 StSignificanceTesting
 []

[143]
Overfull \hbox (47.95561pt too wide) has occurred while \output is active
\TU/lmr/m/n/10 144 \TU/lmr/m/sl/10 CHAPTER 12.  INTRODUCTION TO THE OBUCHOWSKI-ROCKETTE METHOD
 []

[144]
Overfull \hbox (59.25pt too wide) in paragraph at lines 4333--4333
[]\TU/lmtt/m/n/10 ##      theta_1    theta_2           Var         Cov1          MS_T      F_1R[] 
 []


Overfull \hbox (59.25pt too wide) in paragraph at lines 4333--4333
[]\TU/lmtt/m/n/10 ## 1 0.91964573 0.94782609 0.00069890056 0.0003734661 0.00039706618 1.2201111[] 
 []


Overfull \hbox (59.25pt too wide) in paragraph at lines 4359--4359
[]\TU/lmtt/m/n/10 ##      theta_1    theta_2           Var         Cov1          MS_T  Chisq_1R[] 
 []


Overfull \hbox (59.25pt too wide) in paragraph at lines 4359--4359
[]\TU/lmtt/m/n/10 ## 1 0.91964573 0.94782609 0.00069890056 0.0003734661 0.00039706618 1.2201111[] 
 []

[145]
Overfull \hbox (47.95561pt too wide) has occurred while \output is active
\TU/lmr/m/n/10 146 \TU/lmr/m/sl/10 CHAPTER 12.  INTRODUCTION TO THE OBUCHOWSKI-ROCKETTE METHOD
 []

[146]
Chapter 13.
[147

] [148] [149] [150]
Underfull \hbox (badness 10000) in paragraph at lines 4550--4552

 []

[151]
Overfull \hbox (2.01372pt too wide) detected at line 4637
[]
 []

[152] [153] [154]
Chapter 14.

Underfull \hbox (badness 1521) in paragraph at lines 4737--4738
\TU/lmr/m/n/10 explicit implementations of formulae presented in the previous chapter.
 []

[155

]
Overfull \hbox (9.82pt too wide) in paragraph at lines 4798--4800
[]\TU/lmr/m/n/10 The first step is to calculate the figures of merit using \TU/lmtt/m/n/10 UtilFigureOfMerit()\TU/lmr/m/n/10 . 
 []

[156] [157]
Underfull \hbox (badness 1609) in paragraph at lines 4876--4878
[]\TU/lmtt/m/n/10 Cov2 \TU/lmr/m/n/10 is in \TU/lmtt/m/n/10 vc$VarCom["Cov2", "Estimates"]\TU/lmr/m/n/10 , whose value is
 []


Underfull \hbox (badness 1609) in paragraph at lines 4878--4879
[]\TU/lmtt/m/n/10 Cov3 \TU/lmr/m/n/10 is in \TU/lmtt/m/n/10 vc$VarCom["Cov3", "Estimates"]\TU/lmr/m/n/10 , whose value is
 []

[158] [159] [160] [161] [162] [163] [164] [165] [166] [167]
Overfull \hbox (15.09201pt too wide) in paragraph at lines 5479--5480
[]\TU/lmr/m/n/10 For example, the treatment mean squares is \TU/lmtt/m/n/10 st1$RRRC$FTests["Treatment",
 []

[168]
Overfull \hbox (15.09201pt too wide) in paragraph at lines 5521--5522
[]\TU/lmr/m/n/10 For example, the treatment mean squares is \TU/lmtt/m/n/10 st1$FRRC$FTests["Treatment",
 []

[169]
Overfull \hbox (8.95201pt too wide) in paragraph at lines 5611--5612
[]\TU/lmr/m/n/10 For example, the treatment-reader mean squares is \TU/lmtt/m/n/10 st1$RRFC$FTests["TR",
 []

[170] [171]
Underfull \vbox (badness 10000) detected at line 5867
 []


Underfull \vbox (badness 10000) detected at line 5867
 []

[172]
Underfull \vbox (badness 10000) detected at line 5867
 []


Underfull \vbox (badness 10000) detected at line 5867
 []

[173]
Underfull \vbox (badness 10000) detected at line 5867
 []


Underfull \vbox (badness 10000) detected at line 5867
 []

[174]
Underfull \vbox (badness 10000) detected at line 5867
 []


Underfull \vbox (badness 10000) detected at line 5867
 []

[175]
Overfull \hbox (3.13298pt too wide) in paragraph at lines 5878--5880
\TU/lmr/m/n/10 treatment difference FOMs, averaged over readers, i.e., $[][][]$. 
 []

[176] [177]
Underfull \vbox (badness 10000) detected at line 6150
 []


Underfull \vbox (badness 10000) detected at line 6150
 []

[178]
Underfull \vbox (badness 10000) detected at line 6150
 []


Underfull \vbox (badness 10000) detected at line 6150
 []

[179]
Underfull \vbox (badness 10000) detected at line 6150
 []


Underfull \vbox (badness 10000) detected at line 6150
 []

[180]
Underfull \vbox (badness 10000) detected at line 6150
 []


Underfull \vbox (badness 10000) detected at line 6150
 []

[181]
Overfull \hbox (3.13298pt too wide) in paragraph at lines 6163--6165
\TU/lmr/m/n/10 treatment difference FOMs, averaged over readers, i.e., $[][][]$. 
 []

[182]
Underfull \hbox (badness 10000) in paragraph at lines 6185--6187
[]\TU/lmtt/m/n/10 st3$FRRC$ciDiffTrt \TU/lmr/m/n/10 contains the confidence intervals for the
 []


Underfull \hbox (badness 1303) in paragraph at lines 6185--6187
\TU/lmr/m/n/10 inter-treatment paired difference FOMs averaged over readers, i.e.,
 []

[183] [184]
Underfull \vbox (badness 10000) detected at line 6423
 []


Underfull \vbox (badness 10000) detected at line 6423
 []

[185]
Underfull \vbox (badness 10000) detected at line 6423
 []


Underfull \vbox (badness 10000) detected at line 6423
 []

[186]
Underfull \vbox (badness 10000) detected at line 6423
 []


Underfull \vbox (badness 10000) detected at line 6423
 []

[187]
Overfull \hbox (3.13298pt too wide) in paragraph at lines 6432--6434
\TU/lmr/m/n/10 treatment difference FOMs, averaged over readers, i.e., $[][][]$. 
 []

[188]
Underfull \hbox (badness 1158) in paragraph at lines 6452--6453
[]\TU/lmtt/m/n/10 st4$FRRC$ciDiffTrtEachRdr \TU/lmr/m/n/10 contains confidence intervals for inter-
 []

[189] [190]
Chapter 15.
[191

]
Overfull \hbox (43.96234pt too wide) has occurred while \output is active
\TU/lmr/m/n/10 192 \TU/lmr/m/sl/10 CHAPTER 15.  SAMPLE SIZE ESTIMATION FOR ROC STUDIES DBM METHOD
 []

[192] [193]
Underfull \vbox (badness 1052) has occurred while \output is active []


Overfull \hbox (43.96234pt too wide) has occurred while \output is active
\TU/lmr/m/n/10 194 \TU/lmr/m/sl/10 CHAPTER 15.  SAMPLE SIZE ESTIMATION FOR ROC STUDIES DBM METHOD
 []

[194]
Underfull \vbox (badness 10000) has occurred while \output is active []

[195]
Underfull \hbox (badness 4072) in paragraph at lines 6608--6608
[]\TU/lmr/bx/n/14.4 Formulae for fixed-reader random-case
 []


Underfull \vbox (badness 7099) has occurred while \output is active []


Overfull \hbox (43.96234pt too wide) has occurred while \output is active
\TU/lmr/m/n/10 196 \TU/lmr/m/sl/10 CHAPTER 15.  SAMPLE SIZE ESTIMATION FOR ROC STUDIES DBM METHOD
 []

[196]
Overfull \hbox (113.97235pt too wide) has occurred while \output is active
\TU/lmr/m/sl/10 15.4.  FORMULAE FOR FIXED-READER RANDOM-CASE (FRRC) SAMPLE SIZE ESTIMATION \TU/lmr/m/n/10 197
 []

[197]
Overfull \hbox (43.96234pt too wide) has occurred while \output is active
\TU/lmr/m/n/10 198 \TU/lmr/m/sl/10 CHAPTER 15.  SAMPLE SIZE ESTIMATION FOR ROC STUDIES DBM METHOD
 []

[198]
Chapter 16.
[199

]
Overfull \hbox (35.21234pt too wide) has occurred while \output is active
\TU/lmr/m/n/10 200 \TU/lmr/m/sl/10 CHAPTER 16.  SAMPLE SIZE ESTIMATION FOR ROC STUDIES OR METHOD
 []

[200] [201]
Underfull \hbox (badness 4072) in paragraph at lines 6786--6786
[]\TU/lmr/bx/n/14.4 Formulae for fixed-reader random-case
 []


Underfull \vbox (badness 7099) has occurred while \output is active []


Overfull \hbox (35.21234pt too wide) has occurred while \output is active
\TU/lmr/m/n/10 202 \TU/lmr/m/sl/10 CHAPTER 16.  SAMPLE SIZE ESTIMATION FOR ROC STUDIES OR METHOD
 []

[202]
Overfull \hbox (113.97235pt too wide) has occurred while \output is active
\TU/lmr/m/sl/10 16.4.  FORMULAE FOR FIXED-READER RANDOM-CASE (FRRC) SAMPLE SIZE ESTIMATION \TU/lmr/m/n/10 203
 []

[203]
Overfull \hbox (35.21234pt too wide) has occurred while \output is active
\TU/lmr/m/n/10 204 \TU/lmr/m/sl/10 CHAPTER 16.  SAMPLE SIZE ESTIMATION FOR ROC STUDIES OR METHOD
 []

[204] [205]
Overfull \hbox (35.21234pt too wide) has occurred while \output is active
\TU/lmr/m/n/10 206 \TU/lmr/m/sl/10 CHAPTER 16.  SAMPLE SIZE ESTIMATION FOR ROC STUDIES OR METHOD
 []

[206

]
Chapter 17.
[207] [208] [209] [210] [211] [212]
Missing character: There is no α (U+03B1) in font [lmroman10-regular]:mapping=tex-text;!
[213] [214] [215] [216

]
Chapter 18.
[217] [218]
Underfull \hbox (badness 3612) in paragraph at lines 7043--7045
\TU/lmtt/m/n/10 DfExtractDataset(dataset, trts = c(1,2,4)) \TU/lmr/m/n/10 extracts treatments
 []


Overfull \hbox (10.33891pt too wide) in paragraph at lines 7045--7047
[]\TU/lmr/m/n/10 If the original data is FROC, convert it to ROC using \TU/lmtt/m/n/10 DfFroc2Roc(dataset)\TU/lmr/m/n/10 :
 []


Underfull \hbox (badness 4024) in paragraph at lines 7047--7049
[]\TU/lmr/m/n/10 If the data uses continuous scale ratings, bin the data using
 []

[219] [220] [221] [222]
File: 18b-froc-sample-size_files/figure-latex/unnamed-chunk-7-1.pdf Graphic file (type pdf)
<use 18b-froc-sample-size_files/figure-latex/unnamed-chunk-7-1.pdf>
[223] [224]
Overfull \hbox (185.25pt too wide) in paragraph at lines 7294--7294
[]\TU/lmtt/m/n/10 ## ROC-ES =  0.01 , wAFROC-ES =  0.012617239 , Power-ROC =  0.064430457 , Power-wAFROC =  0.075439644[] 
 []


Overfull \hbox (174.75pt too wide) in paragraph at lines 7294--7294
[]\TU/lmtt/m/n/10 ## ROC-ES =  0.02 , wAFROC-ES =  0.025234479 , Power-ROC =  0.10878897 , Power-wAFROC =  0.15449773[] 
 []


Overfull \hbox (174.75pt too wide) in paragraph at lines 7294--7294
[]\TU/lmtt/m/n/10 ## ROC-ES =  0.03 , wAFROC-ES =  0.037851718 , Power-ROC =  0.18471152 , Power-wAFROC =  0.28797922[] 
 []


Overfull \hbox (169.5pt too wide) in paragraph at lines 7294--7294
[]\TU/lmtt/m/n/10 ## ROC-ES =  0.04 , wAFROC-ES =  0.050468957 , Power-ROC =  0.29079274 , Power-wAFROC =  0.4612966[] 
 []


Overfull \hbox (169.5pt too wide) in paragraph at lines 7294--7294
[]\TU/lmtt/m/n/10 ## ROC-ES =  0.05 , wAFROC-ES =  0.063086196 , Power-ROC =  0.41954431 , Power-wAFROC =  0.6420946[] 
 []


Overfull \hbox (174.75pt too wide) in paragraph at lines 7294--7294
[]\TU/lmtt/m/n/10 ## ROC-ES =  0.06 , wAFROC-ES =  0.075703436 , Power-ROC =  0.55738123 , Power-wAFROC =  0.79495349[] 
 []


Overfull \hbox (174.75pt too wide) in paragraph at lines 7294--7294
[]\TU/lmtt/m/n/10 ## ROC-ES =  0.07 , wAFROC-ES =  0.088320675 , Power-ROC =  0.68816012 , Power-wAFROC =  0.90003872[] 
 []


Overfull \hbox (169.5pt too wide) in paragraph at lines 7294--7294
[]\TU/lmtt/m/n/10 ## ROC-ES =  0.08 , wAFROC-ES =  0.10093791 , Power-ROC =  0.79836108 , Power-wAFROC =  0.95891383[] 
 []


Overfull \hbox (169.5pt too wide) in paragraph at lines 7294--7294
[]\TU/lmtt/m/n/10 ## ROC-ES =  0.09 , wAFROC-ES =  0.11355515 , Power-ROC =  0.88095077 , Power-wAFROC =  0.98585038[] 
 []


Overfull \hbox (159.0pt too wide) in paragraph at lines 7294--7294
[]\TU/lmtt/m/n/10 ## ROC-ES =  0.1 , wAFROC-ES =  0.12617239 , Power-ROC =  0.93606799 , Power-wAFROC =  0.9959336[] 
 []

[225]
File: 18b-froc-sample-size_files/figure-latex/unnamed-chunk-12-1.pdf Graphic file (type pdf)
<use 18b-froc-sample-size_files/figure-latex/unnamed-chunk-12-1.pdf>
[226] [227]
Overfull \hbox (38.25pt too wide) in paragraph at lines 7390--7390
[]\TU/lmtt/m/n/10 ## ROC-ES =  0.05 , wAFROC-ES =  0.062722916 , Power-wAFROC =  0.63713244[] 
 []


Overfull \hbox (127.5pt too wide) in paragraph at lines 7410--7410
[]\TU/lmtt/m/n/10 ## ROC-ES =  0.05 , wAFROC-ES =  0.062722916 , K80RRRC =  123 , Power-wAFROC =  0.80210887[] 
 []


Overfull \hbox (22.5pt too wide) in paragraph at lines 7427--7427
[]\TU/lmtt/m/n/10 ## ROC-ES =  0.05 , wAFROC-ES =  0.062722916 , powerRRRC =  0.80210887[] 
 []

[228] [229] [230

] [231] [232]
Chapter 19.
[233

]
File: 19a-f-distribution_files/figure-latex/unnamed-chunk-1-1.pdf Graphic file (type pdf)
<use 19a-f-distribution_files/figure-latex/unnamed-chunk-1-1.pdf>
File: 19a-f-distribution_files/figure-latex/unnamed-chunk-1-2.pdf Graphic file (type pdf)
<use 19a-f-distribution_files/figure-latex/unnamed-chunk-1-2.pdf>
File: 19a-f-distribution_files/figure-latex/unnamed-chunk-1-3.pdf Graphic file (type pdf)
<use 19a-f-distribution_files/figure-latex/unnamed-chunk-1-3.pdf>
File: 19a-f-distribution_files/figure-latex/unnamed-chunk-1-4.pdf Graphic file (type pdf)
<use 19a-f-distribution_files/figure-latex/unnamed-chunk-1-4.pdf>

Underfull \hbox (badness 10000) in paragraph at lines 7505--7506
[][]
 []


Underfull \hbox (badness 10000) in paragraph at lines 7505--7506
[]
 []


Underfull \hbox (badness 10000) in paragraph at lines 7505--7506
[]
 []


Underfull \vbox (badness 10000) has occurred while \output is active []

[234]
Underfull \vbox (badness 10000) has occurred while \output is active []

[235]
Underfull \vbox (badness 4120) has occurred while \output is active []

[236] [237]
File: 19a-f-distribution_files/figure-latex/unnamed-chunk-3-1.pdf Graphic file (type pdf)
<use 19a-f-distribution_files/figure-latex/unnamed-chunk-3-1.pdf>
File: 19a-f-distribution_files/figure-latex/unnamed-chunk-3-2.pdf Graphic file (type pdf)
<use 19a-f-distribution_files/figure-latex/unnamed-chunk-3-2.pdf>
File: 19a-f-distribution_files/figure-latex/unnamed-chunk-3-3.pdf Graphic file (type pdf)
<use 19a-f-distribution_files/figure-latex/unnamed-chunk-3-3.pdf>
File: 19a-f-distribution_files/figure-latex/unnamed-chunk-3-4.pdf Graphic file (type pdf)
<use 19a-f-distribution_files/figure-latex/unnamed-chunk-3-4.pdf>

Underfull \hbox (badness 10000) in paragraph at lines 7594--7595
[]
 []


Underfull \hbox (badness 10000) in paragraph at lines 7594--7595
[]
 []


Underfull \hbox (badness 10000) in paragraph at lines 7594--7595
[]
 []


Underfull \vbox (badness 10000) has occurred while \output is active []

[238]
Underfull \vbox (badness 10000) has occurred while \output is active []

[239]
Underfull \vbox (badness 10000) has occurred while \output is active []

[240] [241]
File: 19a-f-distribution_files/figure-latex/unnamed-chunk-5-1.pdf Graphic file (type pdf)
<use 19a-f-distribution_files/figure-latex/unnamed-chunk-5-1.pdf>
File: 19a-f-distribution_files/figure-latex/unnamed-chunk-5-2.pdf Graphic file (type pdf)
<use 19a-f-distribution_files/figure-latex/unnamed-chunk-5-2.pdf>
File: 19a-f-distribution_files/figure-latex/unnamed-chunk-5-3.pdf Graphic file (type pdf)
<use 19a-f-distribution_files/figure-latex/unnamed-chunk-5-3.pdf>
File: 19a-f-distribution_files/figure-latex/unnamed-chunk-5-4.pdf Graphic file (type pdf)
<use 19a-f-distribution_files/figure-latex/unnamed-chunk-5-4.pdf>

Underfull \hbox (badness 10000) in paragraph at lines 7684--7685
[]
 []


Underfull \hbox (badness 10000) in paragraph at lines 7684--7685
[]
 []


Underfull \hbox (badness 10000) in paragraph at lines 7684--7685
[]
 []


Underfull \vbox (badness 10000) has occurred while \output is active []

[242]
Underfull \vbox (badness 10000) has occurred while \output is active []

[243]
Underfull \vbox (badness 10000) has occurred while \output is active []

[244] [245]
Underfull \hbox (badness 10000) in paragraph at lines 7774--7776
[]\TU/lmr/m/n/10 Now \TU/lmtt/m/n/10 prob > fCrit_1_100 \TU/lmr/m/n/10 = 0.2883607, 0.1351602, 0.0168844,
 []

[246]
Chapter 20.

Underfull \hbox (badness 10000) in paragraph at lines 7850--7852

 []

[247

]
File: 19b-rsm-operating-characteristics_files/figure-latex/unnamed-chunk-2-1.pdf Graphic file (type pdf)
<use 19b-rsm-operating-characteristics_files/figure-latex/unnamed-chunk-2-1.pdf>

Underfull \vbox (badness 4429) has occurred while \output is active []

[248]

LaTeX Font Warning: Font shape `TU/lmtt/bx/it' in size <10> not available
(Font)              Font shape `TU/lmtt/b/sl' tried instead on input line 7922.

[249]
File: 19b-rsm-operating-characteristics_files/figure-latex/unnamed-chunk-3-1.pdf Graphic file (type pdf)
<use 19b-rsm-operating-characteristics_files/figure-latex/unnamed-chunk-3-1.pdf>
[250]
File: 19b-rsm-operating-characteristics_files/figure-latex/unnamed-chunk-5-1.pdf Graphic file (type pdf)
<use 19b-rsm-operating-characteristics_files/figure-latex/unnamed-chunk-5-1.pdf>
[251] [252]
Chapter 21.
[253

]
File: 19c-improper-rocs_files/figure-latex/unnamed-chunk-1-1.pdf Graphic file (type pdf)
<use 19c-improper-rocs_files/figure-latex/unnamed-chunk-1-1.pdf>
File: 19c-improper-rocs_files/figure-latex/unnamed-chunk-2-1.pdf Graphic file (type pdf)
<use 19c-improper-rocs_files/figure-latex/unnamed-chunk-2-1.pdf>
File: 19c-improper-rocs_files/figure-latex/unnamed-chunk-2-2.pdf Graphic file (type pdf)
<use 19c-improper-rocs_files/figure-latex/unnamed-chunk-2-2.pdf>

Underfull \hbox (badness 10000) in paragraph at lines 8046--8048
[]
 []


Underfull \vbox (badness 10000) has occurred while \output is active []

[254] [255] [256]
Chapter 22.
[257

]
File: 19d-degenerate-rocs_files/figure-latex/unnamed-chunk-2-1.pdf Graphic file (type pdf)
<use 19d-degenerate-rocs_files/figure-latex/unnamed-chunk-2-1.pdf>

Underfull \vbox (badness 5970) has occurred while \output is active []

[258]
File: 19d-degenerate-rocs_files/figure-latex/unnamed-chunk-3-1.pdf Graphic file (type pdf)
<use 19d-degenerate-rocs_files/figure-latex/unnamed-chunk-3-1.pdf>
File: 19d-degenerate-rocs_files/figure-latex/unnamed-chunk-3-2.pdf Graphic file (type pdf)
<use 19d-degenerate-rocs_files/figure-latex/unnamed-chunk-3-2.pdf>

Underfull \hbox (badness 10000) in paragraph at lines 8118--8119
[][]
 []


Underfull \vbox (badness 10000) has occurred while \output is active []

[259]
Underfull \vbox (badness 10000) has occurred while \output is active []

[260] [261]
File: 19d-degenerate-rocs_files/figure-latex/unnamed-chunk-4-1.pdf Graphic file (type pdf)
<use 19d-degenerate-rocs_files/figure-latex/unnamed-chunk-4-1.pdf>
[262]
Chapter 23.
[263

]
File: 19e-proproc-rocs_files/figure-latex/unnamed-chunk-2-1.pdf Graphic file (type pdf)
<use 19e-proproc-rocs_files/figure-latex/unnamed-chunk-2-1.pdf>
File: 19e-proproc-rocs_files/figure-latex/unnamed-chunk-2-2.pdf Graphic file (type pdf)
<use 19e-proproc-rocs_files/figure-latex/unnamed-chunk-2-2.pdf>
File: 19e-proproc-rocs_files/figure-latex/unnamed-chunk-2-3.pdf Graphic file (type pdf)
<use 19e-proproc-rocs_files/figure-latex/unnamed-chunk-2-3.pdf>
File: 19e-proproc-rocs_files/figure-latex/unnamed-chunk-2-4.pdf Graphic file (type pdf)
<use 19e-proproc-rocs_files/figure-latex/unnamed-chunk-2-4.pdf>

Underfull \hbox (badness 10000) in paragraph at lines 8201--8202
[][]
 []


Underfull \hbox (badness 10000) in paragraph at lines 8201--8202
[]
 []


Underfull \hbox (badness 10000) in paragraph at lines 8201--8202
[]
 []


Underfull \vbox (badness 10000) has occurred while \output is active []

[264]
Underfull \vbox (badness 10000) has occurred while \output is active []

[265] [266] [267] [268

]
Chapter 24.
[269] (./RJafrocQuickStart.bbl [270] [271

] [272] [273])

Package natbib Warning: There were undefined citations.

[274] (./RJafrocQuickStart.aux)
Package rerunfilecheck Info: File `RJafrocQuickStart.out' has not changed.
(rerunfilecheck)             Checksum: A81198784A9497C22F8F15ED24B3512D;35237.
 ) 
Here is how much of TeX's memory you used:
 20002 strings out of 478256
 380879 string characters out of 5855455
 892650 words of memory out of 5000000
 40173 multiletter control sequences out of 15000+600000
 410083 words of font info for 93 fonts, out of 8000000 for 9000
 14 hyphenation exceptions out of 8191
 86i,18n,121p,2239b,510s stack positions out of 5000i,500n,10000p,200000b,80000s

Output written on RJafrocQuickStart.pdf (274 pages).
